/home/orinnx0/.local/lib/python3.8/site-packages/setuptools/dist.py:745: SetuptoolsDeprecationWarning: Invalid dash-separated options
!!

        ********************************************************************************
        Usage of dash-separated 'script-dir' will not be supported in future
        versions. Please use the underscore name 'script_dir' instead.

        This deprecation is overdue, please update your project and remove deprecated
        calls to avoid build errors in the future.

        See https://setuptools.pypa.io/en/latest/userguide/declarative_config.html for details.
        ********************************************************************************

!!
  opt = self.warn_dash_deprecation(opt, section)
running develop
/home/orinnx0/.local/lib/python3.8/site-packages/setuptools/command/develop.py:40: EasyInstallDeprecationWarning: easy_install command is deprecated.
!!

        ********************************************************************************
        Please avoid running ``setup.py`` and ``easy_install``.
        Instead, use pypa/build, pypa/installer or other
        standards-based tools.

        See https://github.com/pypa/setuptools/issues/917 for details.
        ********************************************************************************

!!
  easy_install.initialize_options(self)
/home/orinnx0/.local/lib/python3.8/site-packages/setuptools/_distutils/cmd.py:66: SetuptoolsDeprecationWarning: setup.py install is deprecated.
!!

        ********************************************************************************
        Please avoid running ``setup.py`` directly.
        Instead, use pypa/build, pypa/installer or other
        standards-based tools.

        See https://blog.ganssle.io/articles/2021/10/setup-py-deprecated.html for details.
        ********************************************************************************

!!
  self.initialize_options()
running egg_info
writing SLAM.egg-info/PKG-INFO
writing dependency_links to SLAM.egg-info/dependency_links.txt
writing requirements to SLAM.egg-info/requires.txt
writing top-level names to SLAM.egg-info/top_level.txt
reading manifest file 'SLAM.egg-info/SOURCES.txt'
writing manifest file 'SLAM.egg-info/SOURCES.txt'
running build_ext
Creating /home/orinnx0/workspaces/SLAM/install/SLAM/lib/python3.8/site-packages/SLAM.egg-link (link to .)

Installed /home/orinnx0/workspaces/SLAM/build/SLAM
running install_data
copying package.xml -> /home/orinnx0/workspaces/SLAM/install/SLAM/share/SLAM
