[1.828s] Invoking command in '/home/orinnx0/workspaces/SLAM/build/SLAM': PYTHONPATH=/home/orinnx0/workspaces/SLAM/build/SLAM/prefix_override:/home/orinnx0/workspaces/SLAM/install/SLAM/lib/python3.8/site-packages:${PYTHONPATH} /usr/bin/python3 setup.py develop --editable --build-directory /home/orinnx0/workspaces/SLAM/build/SLAM/build --no-deps install_data
[2.082s] /home/orinnx0/.local/lib/python3.8/site-packages/setuptools/dist.py:745: SetuptoolsDeprecationWarning: Invalid dash-separated options
[2.082s] !!
[2.082s] 
[2.083s]         ********************************************************************************
[2.083s]         Usage of dash-separated 'script-dir' will not be supported in future
[2.083s]         versions. Please use the underscore name 'script_dir' instead.
[2.083s] 
[2.083s]         This deprecation is overdue, please update your project and remove deprecated
[2.083s]         calls to avoid build errors in the future.
[2.083s] 
[2.083s]         See https://setuptools.pypa.io/en/latest/userguide/declarative_config.html for details.
[2.084s]         ********************************************************************************
[2.084s] 
[2.084s] !!
[2.084s]   opt = self.warn_dash_deprecation(opt, section)
[2.509s] running develop
[2.510s] /home/orinnx0/.local/lib/python3.8/site-packages/setuptools/command/develop.py:40: EasyInstallDeprecationWarning: easy_install command is deprecated.
[2.510s] !!
[2.510s] 
[2.510s]         ********************************************************************************
[2.510s]         Please avoid running ``setup.py`` and ``easy_install``.
[2.511s]         Instead, use pypa/build, pypa/installer or other
[2.511s]         standards-based tools.
[2.511s] 
[2.511s]         See https://github.com/pypa/setuptools/issues/917 for details.
[2.511s]         ********************************************************************************
[2.511s] 
[2.511s] !!
[2.512s]   easy_install.initialize_options(self)
[2.581s] /home/orinnx0/.local/lib/python3.8/site-packages/setuptools/_distutils/cmd.py:66: SetuptoolsDeprecationWarning: setup.py install is deprecated.
[2.581s] !!
[2.581s] 
[2.581s]         ********************************************************************************
[2.581s]         Please avoid running ``setup.py`` directly.
[2.582s]         Instead, use pypa/build, pypa/installer or other
[2.582s]         standards-based tools.
[2.582s] 
[2.582s]         See https://blog.ganssle.io/articles/2021/10/setup-py-deprecated.html for details.
[2.582s]         ********************************************************************************
[2.582s] 
[2.582s] !!
[2.583s]   self.initialize_options()
[2.960s] running egg_info
[2.993s] writing SLAM.egg-info/PKG-INFO
[2.994s] writing dependency_links to SLAM.egg-info/dependency_links.txt
[2.994s] writing requirements to SLAM.egg-info/requires.txt
[2.994s] writing top-level names to SLAM.egg-info/top_level.txt
[3.067s] reading manifest file 'SLAM.egg-info/SOURCES.txt'
[3.068s] writing manifest file 'SLAM.egg-info/SOURCES.txt'
[3.179s] running build_ext
[3.179s] Creating /home/orinnx0/workspaces/SLAM/install/SLAM/lib/python3.8/site-packages/SLAM.egg-link (link to .)
[3.180s] 
[3.181s] Installed /home/orinnx0/workspaces/SLAM/build/SLAM
[3.181s] running install_data
[3.181s] copying package.xml -> /home/orinnx0/workspaces/SLAM/install/SLAM/share/SLAM
[3.260s] Invoked command in '/home/orinnx0/workspaces/SLAM/build/SLAM' returned '0': PYTHONPATH=/home/orinnx0/workspaces/SLAM/build/SLAM/prefix_override:/home/orinnx0/workspaces/SLAM/install/SLAM/lib/python3.8/site-packages:${PYTHONPATH} /usr/bin/python3 setup.py develop --editable --build-directory /home/orinnx0/workspaces/SLAM/build/SLAM/build --no-deps install_data
