[1.783s] Invoking command in '/home/orinnx0/workspaces/SLAM/build/SLAM': PYTHONPATH=/home/orinnx0/workspaces/SLAM/build/SLAM/prefix_override:/home/orinnx0/workspaces/SLAM/install/SLAM/lib/python3.8/site-packages:${PYTHONPATH} /usr/bin/python3 setup.py develop --editable --build-directory /home/orinnx0/workspaces/SLAM/build/SLAM/build --no-deps install_data
[2.035s] /home/orinnx0/.local/lib/python3.8/site-packages/setuptools/dist.py:745: SetuptoolsDeprecationWarning: Invalid dash-separated options
[2.035s] !!
[2.035s] 
[2.039s]         ********************************************************************************
[2.039s]         Usage of dash-separated 'script-dir' will not be supported in future
[2.039s]         versions. Please use the underscore name 'script_dir' instead.
[2.040s] 
[2.040s]         This deprecation is overdue, please update your project and remove deprecated
[2.040s]         calls to avoid build errors in the future.
[2.040s] 
[2.040s]         See https://setuptools.pypa.io/en/latest/userguide/declarative_config.html for details.
[2.040s]         ********************************************************************************
[2.040s] 
[2.041s] !!
[2.041s]   opt = self.warn_dash_deprecation(opt, section)
[2.456s] running develop
[2.457s] /home/orinnx0/.local/lib/python3.8/site-packages/setuptools/command/develop.py:40: EasyInstallDeprecationWarning: easy_install command is deprecated.
[2.457s] !!
[2.457s] 
[2.457s]         ********************************************************************************
[2.457s]         Please avoid running ``setup.py`` and ``easy_install``.
[2.457s]         Instead, use pypa/build, pypa/installer or other
[2.458s]         standards-based tools.
[2.458s] 
[2.458s]         See https://github.com/pypa/setuptools/issues/917 for details.
[2.458s]         ********************************************************************************
[2.458s] 
[2.458s] !!
[2.459s]   easy_install.initialize_options(self)
[2.523s] /home/orinnx0/.local/lib/python3.8/site-packages/setuptools/_distutils/cmd.py:66: SetuptoolsDeprecationWarning: setup.py install is deprecated.
[2.523s] !!
[2.524s] 
[2.524s]         ********************************************************************************
[2.524s]         Please avoid running ``setup.py`` directly.
[2.524s]         Instead, use pypa/build, pypa/installer or other
[2.524s]         standards-based tools.
[2.524s] 
[2.524s]         See https://blog.ganssle.io/articles/2021/10/setup-py-deprecated.html for details.
[2.525s]         ********************************************************************************
[2.525s] 
[2.525s] !!
[2.525s]   self.initialize_options()
[2.893s] running egg_info
[2.926s] writing SLAM.egg-info/PKG-INFO
[2.927s] writing dependency_links to SLAM.egg-info/dependency_links.txt
[2.927s] writing requirements to SLAM.egg-info/requires.txt
[2.927s] writing top-level names to SLAM.egg-info/top_level.txt
[2.998s] reading manifest file 'SLAM.egg-info/SOURCES.txt'
[3.000s] writing manifest file 'SLAM.egg-info/SOURCES.txt'
[3.109s] running build_ext
[3.110s] Creating /home/orinnx0/workspaces/SLAM/install/SLAM/lib/python3.8/site-packages/SLAM.egg-link (link to .)
[3.111s] 
[3.111s] Installed /home/orinnx0/workspaces/SLAM/build/SLAM
[3.112s] running install_data
[3.112s] copying resource/SLAM -> /home/orinnx0/workspaces/SLAM/install/SLAM/share/ament_index/resource_index/packages
[3.112s] creating /home/orinnx0/workspaces/SLAM/install/SLAM/share/SLAM
[3.112s] error: can't copy 'package.xml': doesn't exist or not a regular file
[3.190s] Invoked command in '/home/orinnx0/workspaces/SLAM/build/SLAM' returned '1': PYTHONPATH=/home/orinnx0/workspaces/SLAM/build/SLAM/prefix_override:/home/orinnx0/workspaces/SLAM/install/SLAM/lib/python3.8/site-packages:${PYTHONPATH} /usr/bin/python3 setup.py develop --editable --build-directory /home/orinnx0/workspaces/SLAM/build/SLAM/build --no-deps install_data
