[1.961s] Invoking command in '/home/orinnx0/workspaces/SLAM/build/SLAM': PYTHONPATH=/home/orinnx0/workspaces/SLAM/build/SLAM/prefix_override:/home/orinnx0/workspaces/SLAM/install/SLAM/lib/python3.8/site-packages:${PYTHONPATH} /usr/bin/python3 setup.py develop --editable --build-directory /home/orinnx0/workspaces/SLAM/build/SLAM/build --no-deps install_data
[2.213s] /home/orinnx0/.local/lib/python3.8/site-packages/setuptools/dist.py:745: SetuptoolsDeprecationWarning: Invalid dash-separated options
[2.213s] !!
[2.214s] 
[2.214s]         ********************************************************************************
[2.214s]         Usage of dash-separated 'script-dir' will not be supported in future
[2.214s]         versions. Please use the underscore name 'script_dir' instead.
[2.214s] 
[2.214s]         This deprecation is overdue, please update your project and remove deprecated
[2.214s]         calls to avoid build errors in the future.
[2.215s] 
[2.215s]         See https://setuptools.pypa.io/en/latest/userguide/declarative_config.html for details.
[2.215s]         ********************************************************************************
[2.215s] 
[2.215s] !!
[2.215s]   opt = self.warn_dash_deprecation(opt, section)
[2.647s] running develop
[2.647s] /home/orinnx0/.local/lib/python3.8/site-packages/setuptools/command/develop.py:40: EasyInstallDeprecationWarning: easy_install command is deprecated.
[2.647s] !!
[2.647s] 
[2.648s]         ********************************************************************************
[2.648s]         Please avoid running ``setup.py`` and ``easy_install``.
[2.648s]         Instead, use pypa/build, pypa/installer or other
[2.648s]         standards-based tools.
[2.648s] 
[2.648s]         See https://github.com/pypa/setuptools/issues/917 for details.
[2.648s]         ********************************************************************************
[2.649s] 
[2.649s] !!
[2.649s]   easy_install.initialize_options(self)
[2.718s] /home/orinnx0/.local/lib/python3.8/site-packages/setuptools/_distutils/cmd.py:66: SetuptoolsDeprecationWarning: setup.py install is deprecated.
[2.718s] !!
[2.718s] 
[2.718s]         ********************************************************************************
[2.719s]         Please avoid running ``setup.py`` directly.
[2.719s]         Instead, use pypa/build, pypa/installer or other
[2.719s]         standards-based tools.
[2.719s] 
[2.719s]         See https://blog.ganssle.io/articles/2021/10/setup-py-deprecated.html for details.
[2.719s]         ********************************************************************************
[2.719s] 
[2.720s] !!
[2.720s]   self.initialize_options()
[3.098s] running egg_info
[3.132s] writing SLAM.egg-info/PKG-INFO
[3.133s] writing dependency_links to SLAM.egg-info/dependency_links.txt
[3.133s] writing requirements to SLAM.egg-info/requires.txt
[3.133s] writing top-level names to SLAM.egg-info/top_level.txt
[3.205s] reading manifest file 'SLAM.egg-info/SOURCES.txt'
[3.207s] writing manifest file 'SLAM.egg-info/SOURCES.txt'
[3.317s] running build_ext
[3.317s] Creating /home/orinnx0/workspaces/SLAM/install/SLAM/lib/python3.8/site-packages/SLAM.egg-link (link to .)
[3.318s] 
[3.319s] Installed /home/orinnx0/workspaces/SLAM/build/SLAM
[3.319s] running install_data
[3.319s] copying resource/SLAM -> /home/orinnx0/workspaces/SLAM/install/SLAM/share/ament_index/resource_index/packages
[3.319s] copying package.xml -> /home/orinnx0/workspaces/SLAM/install/SLAM/share/SLAM
[3.398s] Invoked command in '/home/orinnx0/workspaces/SLAM/build/SLAM' returned '0': PYTHONPATH=/home/orinnx0/workspaces/SLAM/build/SLAM/prefix_override:/home/orinnx0/workspaces/SLAM/install/SLAM/lib/python3.8/site-packages:${PYTHONPATH} /usr/bin/python3 setup.py develop --editable --build-directory /home/orinnx0/workspaces/SLAM/build/SLAM/build --no-deps install_data
