[1.824s] Invoking command in '/home/orinnx0/workspaces/SLAM/build/SLAM': PYTHONPATH=/home/orinnx0/workspaces/SLAM/build/SLAM/prefix_override:/home/orinnx0/workspaces/SLAM/install/SLAM/lib/python3.8/site-packages:${PYTHONPATH} /usr/bin/python3 setup.py develop --editable --build-directory /home/orinnx0/workspaces/SLAM/build/SLAM/build --no-deps install_data
[2.080s] /home/orinnx0/.local/lib/python3.8/site-packages/setuptools/dist.py:745: SetuptoolsDeprecationWarning: Invalid dash-separated options
[2.080s] !!
[2.080s] 
[2.080s]         ********************************************************************************
[2.080s]         Usage of dash-separated 'script-dir' will not be supported in future
[2.081s]         versions. Please use the underscore name 'script_dir' instead.
[2.081s] 
[2.081s]         This deprecation is overdue, please update your project and remove deprecated
[2.081s]         calls to avoid build errors in the future.
[2.081s] 
[2.081s]         See https://setuptools.pypa.io/en/latest/userguide/declarative_config.html for details.
[2.081s]         ********************************************************************************
[2.081s] 
[2.082s] !!
[2.082s]   opt = self.warn_dash_deprecation(opt, section)
[2.503s] running develop
[2.503s] /home/orinnx0/.local/lib/python3.8/site-packages/setuptools/command/develop.py:40: EasyInstallDeprecationWarning: easy_install command is deprecated.
[2.504s] !!
[2.504s] 
[2.504s]         ********************************************************************************
[2.504s]         Please avoid running ``setup.py`` and ``easy_install``.
[2.504s]         Instead, use pypa/build, pypa/installer or other
[2.504s]         standards-based tools.
[2.504s] 
[2.505s]         See https://github.com/pypa/setuptools/issues/917 for details.
[2.505s]         ********************************************************************************
[2.505s] 
[2.505s] !!
[2.505s]   easy_install.initialize_options(self)
[2.573s] /home/orinnx0/.local/lib/python3.8/site-packages/setuptools/_distutils/cmd.py:66: SetuptoolsDeprecationWarning: setup.py install is deprecated.
[2.574s] !!
[2.574s] 
[2.574s]         ********************************************************************************
[2.574s]         Please avoid running ``setup.py`` directly.
[2.574s]         Instead, use pypa/build, pypa/installer or other
[2.574s]         standards-based tools.
[2.574s] 
[2.575s]         See https://blog.ganssle.io/articles/2021/10/setup-py-deprecated.html for details.
[2.575s]         ********************************************************************************
[2.575s] 
[2.575s] !!
[2.575s]   self.initialize_options()
[2.942s] running egg_info
[2.943s] creating SLAM.egg-info
[2.977s] writing SLAM.egg-info/PKG-INFO
[2.977s] writing dependency_links to SLAM.egg-info/dependency_links.txt
[2.978s] writing requirements to SLAM.egg-info/requires.txt
[2.978s] writing top-level names to SLAM.egg-info/top_level.txt
[2.980s] writing manifest file 'SLAM.egg-info/SOURCES.txt'
[3.050s] reading manifest file 'SLAM.egg-info/SOURCES.txt'
[3.051s] writing manifest file 'SLAM.egg-info/SOURCES.txt'
[3.163s] running build_ext
[3.163s] Creating /home/orinnx0/workspaces/SLAM/install/SLAM/lib/python3.8/site-packages/SLAM.egg-link (link to .)
[3.164s] 
[3.164s] Installed /home/orinnx0/workspaces/SLAM/build/SLAM
[3.165s] running install_data
[3.165s] creating /home/orinnx0/workspaces/SLAM/install/SLAM/share
[3.165s] creating /home/orinnx0/workspaces/SLAM/install/SLAM/share/ament_index
[3.165s] creating /home/orinnx0/workspaces/SLAM/install/SLAM/share/ament_index/resource_index
[3.165s] creating /home/orinnx0/workspaces/SLAM/install/SLAM/share/ament_index/resource_index/packages
[3.166s] error: can't copy 'resource/SLAM': doesn't exist or not a regular file
[3.242s] Invoked command in '/home/orinnx0/workspaces/SLAM/build/SLAM' returned '1': PYTHONPATH=/home/orinnx0/workspaces/SLAM/build/SLAM/prefix_override:/home/orinnx0/workspaces/SLAM/install/SLAM/lib/python3.8/site-packages:${PYTHONPATH} /usr/bin/python3 setup.py develop --editable --build-directory /home/orinnx0/workspaces/SLAM/build/SLAM/build --no-deps install_data
